<?xml version="1.0" encoding="UTF-8"?>
<!-- Generated by org.testng.reporters.JUnitReportReporter -->
<testsuite hostname="LAPTOP-O8GG5075" failures="0" tests="2" name="com.qa.groups.TestClass" time="0.009" errors="0" timestamp="2022-11-21T10:49:42 IST" skipped="0">
  <testcase classname="com.qa.groups.TestClass" name="Test02" time="0.008"/>
  <system-out/>
  <testcase classname="com.qa.groups.TestClass" name="Test04" time="0.001"/>
  <system-out/>
</testsuite> <!-- com.qa.groups.TestClass -->
